Built Sep 24 2011 22:38:17
'C:\opencbm\bin\nibread.exe -D8 -e40 -h -s C:\zimages\doppelganger v1.nbz '


18.0: (2) 
CID: '87'
FID: '87'


 1.0: (3) 7675 (bad/weak:21)  (7675)
 1.5: (2) 7288 [E2S0][E2S1][E2S2][E2S3][E2S4][E2S5][E2S6][E2S7][E2S8][E2S9][E2S10][E2S11][E2S12][E2S13][E2S14][E2S15][E2S16][E2S17][E2S18][E2S19][E2S20]
      (3) 7645 [E2S0][E2S1][E2S2][E2S3][E2S4][E2S5][E2S6][E2S7][E2S8][E2S9][E2S10][E2S11][E2S12][E2S13][E2S14][E2S15][E2S16][E2S17][E2S18][E2S19][E2S20](bad/weak:1246) [E2S0][E2S1][E2S2][E2S3][E2S4][E2S5][E2S6][E2S7][E2S8][E2S9][E2S10][E2S11][E2S12][E2S13][E2S14][E2S15][E2S16][E2S17][E2S18][E2S19][E2S20] (7645)
 2.0: (3) 7674 (bad/weak:21)  (7674)
 2.5: (3) 7758 [E2S0][E2S1][E2S2][E2S3][E2S4][E2S5][E2S6][E2S7][E2S8][E2S9][E2S10][E2S11][E2S12][E2S13][E11S14][E2S15][E2S16][E2S17][E2S18][E2S19][E2S20]
      (3) 7603 [E2S0][E2S1][E2S2][E2S3][E2S4][E2S5][E2S6][E2S7][E2S8][E2S9][E2S10][E2S11][E2S12][E2S13][E11S14][E2S15][E2S16][E2S17][E2S18][E2S19][E2S20](bad/weak:1122) [E2S0][E2S1][E2S2][E2S3][E2S4][E2S5][E2S6][E2S7][E2S8][E2S9][E2S10][E2S11][E2S12][E2S13][E11S14][E2S15][E2S16][E2S17][E2S18][E2S19][E2S20] (7603)
 3.0: (3) 7676 (bad/weak:21)  (7676)
 3.5: (2) 7277 [E2S0][E2S1][E2S2][E2S3][E2S4][E2S5][E2S6][E2S7][E2S8][E2S9][E2S10][E2S11][E2S12][E2S13][E2S14][E2S15][E2S16][E2S17][E2S18][E2S19][E2S20]
      (3) 7663 [E2S0][E2S1][E2S2][E2S3][E2S4][E2S5][E2S6][E2S7][E2S8][E2S9][E2S10][E2S11][E2S12][E2S13][E2S14][E2S15][E2S16][E2S17][E2S18][E2S19][E2S20](bad/weak:1185) [E2S0][E2S1][E2S2][E2S3][E2S4][E2S5][E2S6][E2S7][E2S8][E2S9][E2S10][E2S11][E2S12][E2S13][E2S14][E2S15][E2S16][E2S17][E2S18][E2S19][E2S20] (7663)
 4.0: (3) 7677 (bad/weak:21)  (7677)
 4.5: (2) 7208 [E2S0][E2S1][E2S2][E2S3][E2S4][E2S5][E2S6][E2S7][E2S8][E2S9][E2S10][E2S11][E2S12][E2S13][E2S14][E2S15][E2S16][E2S17][E2S18][E2S19][E2S20]
      (2) 7087 [E2S0][E2S1][E2S2][E2S3][E2S4][E2S5][E2S6][E2S7][E2S8][E2S9][E2S10][E2S11][E2S12][E2S13][E2S14][E2S15][E2S16][E2S17][E2S18][E2S19][E2S20](bad/weak:777) [E2S0][E2S1][E2S2][E2S3][E2S4][E2S5][E2S6][E2S7][E2S8][E2S9][E2S10][E2S11][E2S12][E2S13][E2S14][E2S15][E2S16][E2S17][E2S18][E2S19][E2S20] (7087)
 5.0: (3) 7672 (bad/weak:21)  (7672)
 5.5: (3) 7810 [E2S0][E2S1][E2S2][E2S3][E2S4][E2S5][E2S6][E2S7][E2S8][E2S9][E2S10][E2S11][E2S12][E2S13][E2S14][E2S15][E2S16][E2S17][E2S18][E2S19][E2S20]
      (3) 7638 [E2S0][E2S1][E2S2][E2S3][E2S4][E2S5][E2S6][E2S7][E2S8][E2S9][E2S10][E2S11][E2S12][E2S13][E2S14][E2S15][E2S16][E2S17][E2S18][E2S19][E2S20](bad/weak:1214) [E2S0][E2S1][E2S2][E2S3][E2S4][E2S5][E2S6][E2S7][E2S8][E2S9][E2S10][E2S11][E2S12][E2S13][E2S14][E2S15][E2S16][E2S17][E2S18][E2S19][E2S20] (7638)
 6.0: (3) 7672 (bad/weak:21)  (7672)
 6.5: (3) 7678 [E2S0][E2S1][E2S2][E2S3][E2S4][E2S5][E2S6][E2S7][E2S8][E2S9][E2S10][E2S11][E2S12][E2S13][E2S14][E2S15][E2S16][E2S17][E2S18][E2S19][E2S20]
      (1) 6808 [E2S0][E2S1][E2S2][E2S3][E2S4][E2S5][E2S6][E2S7][E2S8][E2S9][E2S10][E2S11][E2S12][E2S13][E2S14][E2S15][E2S16][E2S17][E2S18][E2S19][E2S20](bad/weak:624) [E2S0][E2S1][E2S2][E2S3][E2S4][E2S5][E2S6][E2S7][E2S8][E2S9][E2S10][E2S11][E2S12][E2S13][E2S14][E2S15][E2S16][E2S17][E2S18][E2S19][E2S20] (6808)
 7.0: (3) 7675 (bad/weak:21)  (7675)
 7.5: (3) 7649 [E2S0][E2S1][E2S2][E2S3][E2S4][E2S5][E2S6][E2S7][E2S8][E2S9][E2S10][E2S11][E2S12][E2S13][E2S14][E2S15][E2S16][E2S17][E2S18][E2S19][E2S20]
      (3) 7651 [E2S0][E2S1][E2S2][E2S3][E2S4][E2S5][E2S6][E2S7][E2S8][E2S9][E2S10][E2S11][E2S12][E2S13][E2S14][E2S15][E2S16][E2S17][E2S18][E2S19][E2S20](bad/weak:1178) [E2S0][E2S1][E2S2][E2S3][E2S4][E2S5][E2S6][E2S7][E2S8][E2S9][E2S10][E2S11][E2S12][E2S13][E2S14][E2S15][E2S16][E2S17][E2S18][E2S19][E2S20] (7651)
 8.0: (3) 7672 (bad/weak:21)  (7672)
 8.5: (2) 7661 [7661>7518!] [E2S0][E2S1][E2S2][E2S3][E2S4][E2S5][E2S6][E2S7][E2S8][E2S9][E2S10][E2S11][E2S12][E2S13][E2S14][E2S15][E2S16][E2S17][E2S18][E2S19][E2S20]
      (3) 7771 [E2S0][E2S1][E2S2][E2S3][E2S4][E2S5][E2S6][E2S7][E2S8][E2S9][E2S10][E2S11][E2S12][E2S13][E2S14][E2S15][E2S16][E2S17][E2S18][E2S19][E2S20](bad/weak:1259) [E2S0][E2S1][E2S2][E2S3][E2S4][E2S5][E2S6][E2S7][E2S8][E2S9][E2S10][E2S11][E2S12][E2S13][E2S14][E2S15][E2S16][E2S17][E2S18][E2S19][E2S20] (7771)
 9.0: (3) 7672 (bad/weak:21)  (7672)
 9.5: (3) 7640 [E2S0][E2S1][E2S2][E2S3][E2S4][E2S5][E2S6][E2S7][E2S8][E2S9][E2S10][E2S11][E2S12][E2S13][E2S14][E2S15][E2S16][E2S17][E2S18][E2S19][E2S20]
      (2) 7202 [E2S0][E2S1][E2S2][E2S3][E2S4][E2S5][E2S6][E2S7][E2S8][E2S9][E2S10][E2S11][E2S12][E2S13][E2S14][E2S15][E2S16][E2S17][E2S18][E2S19][E2S20](bad/weak:931) [E2S0][E2S1][E2S2][E2S3][E2S4][E2S5][E2S6][E2S7][E2S8][E2S9][E2S10][E2S11][E2S12][E2S13][E2S14][E2S15][E2S16][E2S17][E2S18][E2S19][E2S20] (7202)
10.0: (3) 7668 (bad/weak:21)  (7668)
10.5: (3) 7646 [E2S0][E2S1][E2S2][E2S3][E2S4][E2S5][E2S6][E2S7][E2S8][E2S9][E2S10][E2S11][E2S12][E2S13][E2S14][E2S15][E2S16][E2S17][E2S18][E2S19][E2S20]
      (3) 7645 [E2S0][E2S1][E2S2][E2S3][E2S4][E2S5][E2S6][E2S7][E2S8][E2S9][E2S10][E2S11][E2S12][E2S13][E2S14][E2S15][E2S16][E2S17][E2S18][E2S19][E2S20](bad/weak:1207) [E2S0][E2S1][E2S2][E2S3][E2S4][E2S5][E2S6][E2S7][E2S8][E2S9][E2S10][E2S11][E2S12][E2S13][E2S14][E2S15][E2S16][E2S17][E2S18][E2S19][E2S20] (7645)
11.0: (3) 7675 (bad/weak:21)  (7675)
11.5: (3) 7626 [E2S0][E2S1][E2S2][E2S3][E2S4][E2S5][E2S6][E2S7][E2S8][E2S9][E2S10][E2S11][E2S12][E2S13][E2S14][E2S15][E2S16][E2S17][E2S18][E2S19][E2S20]
      (3) 7643 [E2S0][E2S1][E2S2][E2S3][E2S4][E2S5][E2S6][E2S7][E2S8][E2S9][E2S10][E2S11][E2S12][E2S13][E2S14][E2S15][E2S16][E2S17][E2S18][E2S19][E2S20](bad/weak:1019) [E2S0][E2S1][E2S2][E2S3][E2S4][E2S5][E2S6][E2S7][E2S8][E2S9][E2S10][E2S11][E2S12][E2S13][E2S14][E2S15][E2S16][E2S17][E2S18][E2S19][E2S20] (7643)
12.0: (3) 7673 (bad/weak:21)  (7673)
12.5: (3) 7566 [E2S0][E2S1][E2S2][E2S3][E2S4][E2S5][E2S6][E2S7][E2S8][E2S9][E2S10][E2S11][E2S12][E2S13][E2S14][E2S15][E2S16][E2S17][E2S18][E2S19][E2S20]
      (3) 7660 [E2S0][E2S1][E2S2][E2S3][E2S4][E2S5][E2S6][E2S7][E2S8][E2S9][E2S10][E2S11][E2S12][E2S13][E2S14][E2S15][E2S16][E2S17][E2S18][E2S19][E2S20](bad/weak:904) [E2S0][E2S1][E2S2][E2S3][E2S4][E2S5][E2S6][E2S7][E2S8][E2S9][E2S10][E2S11][E2S12][E2S13][E2S14][E2S15][E2S16][E2S17][E2S18][E2S19][E2S20] (7660)
13.0: (3) 7670 (bad/weak:21)  (7670)
13.5: (3) 7614 [E2S0][E2S1][E2S2][E2S3][E2S4][E2S5][E2S6][E2S7][E2S8][E2S9][E2S10][E2S11][E2S12][E2S13][E2S14][E2S15][E2S16][E2S17][E2S18][E2S19][E2S20]
      (2) 7260 [E2S0][E2S1][E2S2][E2S3][E2S4][E2S5][E2S6][E2S7][E2S8][E2S9][E2S10][E2S11][E2S12][E2S13][E2S14][E2S15][E2S16][E2S17][E2S18][E2S19][E2S20](bad/weak:584) [E2S0][E2S1][E2S2][E2S3][E2S4][E2S5][E2S6][E2S7][E2S8][E2S9][E2S10][E2S11][E2S12][E2S13][E2S14][E2S15][E2S16][E2S17][E2S18][E2S19][E2S20] (7260)
14.0: (3) 7671 (bad/weak:22)  (7671)
14.5: (3) 7696 [E2S0][E2S1][E2S2][E2S3][E2S4][E2S5][E2S6][E2S7][E2S8][E2S9][E2S10][E2S11][E2S12][E2S13][E2S14][E2S15][E2S16][E2S17][E2S18][E2S19][E2S20]
      (3) 7654 [E2S0][E2S1][E2S2][E2S3][E2S4][E2S5][E2S6][E2S7][E2S8][E2S9][E2S10][E2S11][E2S12][E2S13][E2S14][E2S15][E2S16][E2S17][E2S18][E2S19][E2S20](bad/weak:692) [E2S0][E2S1][E2S2][E2S3][E2S4][E2S5][E2S6][E2S7][E2S8][E2S9][E2S10][E2S11][E2S12][E2S13][E2S14][E2S15][E2S16][E2S17][E2S18][E2S19][E2S20] (7654)
15.0: (3) 7677 (bad/weak:21)  (7677)
15.5: (3) 7623 [E2S0][E2S1][E2S2][E2S3][E2S4][E2S5][E2S6][E2S7][E2S8][E2S9][E2S10][E2S11][E2S12][E2S13][E2S14][E2S15][E2S16][E2S17][E2S18][E2S19][E2S20]
      (2) 7048 [E2S0][E2S1][E2S2][E2S3][E2S4][E2S5][E2S6][E2S7][E2S8][E2S9][E2S10][E2S11][E2S12][E2S13][E2S14][E2S15][E2S16][E2S17][E2S18][E2S19][E2S20](bad/weak:575) [E2S0][E2S1][E2S2][E2S3][E2S4][E2S5][E2S6][E2S7][E2S8][E2S9][E2S10][E2S11][E2S12][E2S13][E2S14][E2S15][E2S16][E2S17][E2S18][E2S19][E2S20] (7048)
16.0: (3) 7676 (bad/weak:21)  (7676)
16.5: (3) 7608 [E2S0][E2S1][E2S2][E2S3][E2S4][E2S5][E2S6][E2S7][E2S8][E2S9][E2S10][E2S11][E2S12][E2S13][E2S14][E2S15][E2S16][E2S17][E2S18][E2S19][E2S20]
      (3) 7609 [E2S0][E2S1][E2S2][E2S3][E2S4][E2S5][E2S6][E2S7][E2S8][E2S9][E2S10][E2S11][E2S12][E2S13][E2S14][E2S15][E2S16][E2S17][E2S18][E2S19][E2S20](bad/weak:1018) [E2S0][E2S1][E2S2][E2S3][E2S4][E2S5][E2S6][E2S7][E2S8][E2S9][E2S10][E2S11][E2S12][E2S13][E2S14][E2S15][E2S16][E2S17][E2S18][E2S19][E2S20] (7609)
17.0: (3) 7672 (bad/weak:21)  (7672)
17.5: (2) 7156 [E2S0][E2S1][E2S2][E2S3][E2S4][E2S5][E2S6][E2S7][E2S8][E2S9][E2S10][E2S11][E2S12][E2S13][E2S14][E2S15][E2S16][E2S17][E2S18][E2S19][E2S20]
      (2) 7075 [E2S0][E2S1][E2S2][E2S3][E2S4][E2S5][E2S6][E2S7][E2S8][E2S9][E2S10][E2S11][E2S12][E2S13][E2S14][E2S15][E2S16][E2S17][E2S18][E2S19][E2S20](bad/weak:555) [E2S0][E2S1][E2S2][E2S3][E2S4][E2S5][E2S6][E2S7][E2S8][E2S9][E2S10][E2S11][E2S12][E2S13][E2S14][E2S15][E2S16][E2S17][E2S18][E2S19][E2S20] (7075)
18.0: (2) 7127 (bad/weak:19)  (7127)
18.5: (2) 7092 [E2S0][E2S1][E2S2][E2S3][E2S4][E2S5][E2S6][E2S7][E2S8][E2S9][E2S10][E2S11][E2S12][E2S13][E2S14][E2S15][E2S16][E2S17][E2S18]
      (2) 7090 [E2S0][E2S1][E2S2][E2S3][E2S4][E2S5][E2S6][E2S7][E2S8][E2S9][E2S10][E2S11][E2S12][E2S13][E2S14][E2S15][E2S16][E2S17][E2S18](bad/weak:390) [E2S0][E2S1][E2S2][E2S3][E2S4][E2S5][E2S6][E2S7][E2S8][E2S9][E2S10][E2S11][E2S12][E2S13][E2S14][E2S15][E2S16][E2S17][E2S18] (7090)
19.0: (2) 7127 (bad/weak:20)  (7127)
19.5: (2) 7095 [E2S0][E2S1][E2S2][E2S3][E2S4][E2S5][E2S6][E2S7][E2S8][E2S9][E2S10][E2S11][E2S12][E2S13][E2S14][E2S15][E2S16][E2S17][E2S18]
      (2) 7092 [E2S0][E2S1][E2S2][E2S3][E2S4][E2S5][E2S6][E2S7][E2S8][E2S9][E2S10][E2S11][E2S12][E2S13][E2S14][E2S15][E2S16][E2S17][E2S18](bad/weak:525) [E2S0][E2S1][E2S2][E2S3][E2S4][E2S5][E2S6][E2S7][E2S8][E2S9][E2S10][E2S11][E2S12][E2S13][E2S14][E2S15][E2S16][E2S17][E2S18] (7092)
20.0: (2) 7122 (bad/weak:19)  (7122)
20.5: (2) 7099 [E2S0][E2S1][E2S2][E2S3][E2S4][E2S5][E2S6][E2S7][E2S8][E2S9][E2S10][E2S11][E2S12][E2S13][E2S14][E2S15][E2S16][E2S17][E2S18]
      (2) 7093 [E2S0][E2S1][E2S2][E2S3][E2S4][E2S5][E2S6][E2S7][E2S8][E2S9][E2S10][E2S11][E2S12][E2S13][E2S14][E2S15][E2S16][E2S17][E2S18](bad/weak:528) [E2S0][E2S1][E2S2][E2S3][E2S4][E2S5][E2S6][E2S7][E2S8][E2S9][E2S10][E2S11][E2S12][E2S13][E2S14][E2S15][E2S16][E2S17][E2S18] (7093)
21.0: (2) 7127 (bad/weak:19)  (7127)
21.5: (2) 7930 [7930>7518!] [E2S0][E2S1][E2S2][E2S3][E2S4][E2S5][E2S6][E2S7][E2S8][E2S9][E2S10][E2S11][E2S12][E2S13][E2S14][E2S15][E2S16][E2S17][E2S18]
      (2) 7109 [E2S0][E2S1][E2S2][E2S3][E2S4][E2S5][E2S6][E2S7][E2S8][E2S9][E2S10][E2S11][E2S12][E2S13][E2S14][E2S15][E2S16][E2S17][E2S18](bad/weak:602) [E2S0][E2S1][E2S2][E2S3][E2S4][E2S5][E2S6][E2S7][E2S8][E2S9][E2S10][E2S11][E2S12][E2S13][E2S14][E2S15][E2S16][E2S17][E2S18] (7109)
22.0: (2) 7125 (bad/weak:19)  (7125)
22.5: (2) 7122 [E2S0][E2S1][E2S2][E2S3][E2S4][E2S5][E2S6][E2S7][E2S8][E2S9][E2S10][E2S11][E2S12][E2S13][E2S14][E2S15][E2S16][E2S17][E2S18]
      (2) 7235 [E2S0][E2S1][E2S2][E2S3][E2S4][E2S5][E2S6][E2S7][E2S8][E2S9][E2S10][E2S11][E2S12][E2S13][E2S14][E2S15][E2S16][E2S17][E2S18](bad/weak:685) [E2S0][E2S1][E2S2][E2S3][E2S4][E2S5][E2S6][E2S7][E2S8][E2S9][E2S10][E2S11][E2S12][E2S13][E2S14][E2S15][E2S16][E2S17][E2S18] (7235)
23.0: (2) 7124 (bad/weak:19)  (7124)
23.5: (2) 7161 [E2S0][E2S1][E2S2][E2S3][E2S4][E2S5][E2S6][E2S7][E2S8][E2S9][E2S10][E2S11][E2S12][E2S13][E2S14][E2S15][E2S16][E2S17][E2S18]
      (2) 7175 [E2S0][E2S1][E2S2][E2S3][E2S4][E2S5][E2S6][E2S7][E2S8][E2S9][E2S10][E2S11][E2S12][E2S13][E2S14][E2S15][E2S16][E2S17][E2S18](bad/weak:712) [E2S0][E2S1][E2S2][E2S3][E2S4][E2S5][E2S6][E2S7][E2S8][E2S9][E2S10][E2S11][E2S12][E2S13][E2S14][E2S15][E2S16][E2S17][E2S18] (7175)
24.0: (2) 7128 (bad/weak:19)  (7128)
24.5: (1) 6633 [E2S0][E2S1][E2S2][E2S3][E2S4][E2S5][E2S6][E2S7][E2S8][E2S9][E2S10][E2S11][E2S12][E2S13][E2S14][E2S15][E2S16][E2S17][E2S18]
      (1) 6631 [E2S0][E2S1][E2S2][E2S3][E2S4][E2S5][E2S6][E2S7][E2S8][E2S9][E2S10][E2S11][E2S12][E2S13][E2S14][E2S15][E2S16][E2S17][E2S18](bad/weak:506) [E2S0][E2S1][E2S2][E2S3][E2S4][E2S5][E2S6][E2S7][E2S8][E2S9][E2S10][E2S11][E2S12][E2S13][E2S14][E2S15][E2S16][E2S17][E2S18] (6631)
25.0: (1) 6650 (bad/weak:18)  (6650)
25.5: (1) 6643 [E2S0][E2S1][E2S2][E2S3][E2S4][E2S5][E2S6][E2S7][E2S8][E2S9][E2S10][E2S11][E2S12][E2S13][E2S14][E2S15][E2S16][E2S17]
      (1) 6639 [E2S0][E2S1][E2S2][E2S3][E2S4][E2S5][E2S6][E2S7][E2S8][E2S9][E2S10][E2S11][E2S12][E2S13][E2S14][E2S15][E2S16][E2S17](bad/weak:602) [E2S0][E2S1][E2S2][E2S3][E2S4][E2S5][E2S6][E2S7][E2S8][E2S9][E2S10][E2S11][E2S12][E2S13][E2S14][E2S15][E2S16][E2S17] (6639)
26.0: (1) 6649 (bad/weak:19)  (6649)
26.5: (1) 6638 [E2S0][E2S1][E2S2][E2S3][E2S4][E2S5][E2S6][E2S7][E2S8][E2S9][E2S10][E2S11][E2S12][E2S13][E2S14][E2S15][E2S16][E2S17]
      (1) 6984 [E2S0][E2S1][E2S2][E2S3][E2S4][E2S5][E2S6][E2S7][E2S8][E2S9][E2S10][E2S11][E2S12][E2S13][E2S14][E2S15][E2S16][E2S17](bad/weak:517) [E2S0][E2S1][E2S2][E2S3][E2S4][E2S5][E2S6][E2S7][E2S8][E2S9][E2S10][E2S11][E2S12][E2S13][E2S14][E2S15][E2S16][E2S17] (6984)
27.0: (1) 6653 (bad/weak:18)  (6653)
27.5: (1) 6692 [E2S0][E2S1][E2S2][E2S3][E2S4][E2S5][E2S6][E2S7][E2S8][E2S9][E2S10][E2S11][E2S12][E2S13][E2S14][E2S15][E2S16][E2S17]
      (1) 6645 [E2S0][E2S1][E2S2][E2S3][E2S4][E2S5][E2S6][E2S7][E2S8][E2S9][E2S10][E2S11][E2S12][E2S13][E2S14][E2S15][E2S16][E2S17](bad/weak:605) [E2S0][E2S1][E2S2][E2S3][E2S4][E2S5][E2S6][E2S7][E2S8][E2S9][E2S10][E2S11][E2S12][E2S13][E2S14][E2S15][E2S16][E2S17] (6645)
28.0: (1) 6646 (bad/weak:19)  (6646)
28.5: (1) 6648 [E2S0][E2S1][E2S2][E2S3][E2S4][E2S5][E2S6][E2S7][E2S8][E2S9][E2S10][E2S11][E2S12][E2S13][E2S14][E2S15][E2S16][E2S17]
      (1) 7011 [E2S0][E2S1][E2S2][E2S3][E2S4][E2S5][E2S6][E2S7][E2S8][E2S9][E2S10][E2S11][E2S12][E2S13][E2S14][E2S15][E2S16][E2S17](bad/weak:643) [E2S0][E2S1][E2S2][E2S3][E2S4][E2S5][E2S6][E2S7][E2S8][E2S9][E2S10][E2S11][E2S12][E2S13][E2S14][E2S15][E2S16][E2S17] (7011)
29.0: (1) 6653 (bad/weak:19)  (6653)
29.5: (1) 6989 [E2S0][E2S1][E2S2][E2S3][E2S4][E2S5][E2S6][E2S7][E2S8][E2S9][E2S10][E2S11][E2S12][E2S13][E2S14][E2S15][E2S16][E2S17]
      (1) 6639 [E2S0][E2S1][E2S2][E2S3][E2S4][E2S5][E2S6][E2S7][E2S8][E2S9][E2S10][E2S11][E2S12][E2S13][E2S14][E2S15][E2S16][E2S17](bad/weak:700) [E2S0][E2S1][E2S2][E2S3][E2S4][E2S5][E2S6][E2S7][E2S8][E2S9][E2S10][E2S11][E2S12][E2S13][E2S14][E2S15][E2S16][E2S17] (6639)
30.0: (1) 6648 (bad/weak:19)  (6648)
30.5: (2) 7976 [7976>7518!] [E2S0][E2S1][E2S2][E2S3][E2S4][E2S5][E2S6][E2S7][E2S8][E2S9][E2S10][E2S11][E2S12][E2S13][E2S14][E2S15][E2S16][E2S17]
      (0) 6230 [E2S0][E2S1][E2S2][E2S3][E2S4][E2S5][E2S6][E2S7][E2S8][E2S9][E2S10][E2S11][E2S12][E2S13][E2S14][E2S15][E2S16][E2S17](bad/weak:493) [E2S0][E2S1][E2S2][E2S3][E2S4][E2S5][E2S6][E2S7][E2S8][E2S9][E2S10][E2S11][E2S12][E2S13][E2S14][E2S15][E2S16][E2S17] (6230)
31.0: (0) 6233 (bad/weak:18)  (6233)
31.5: (0) 6350 [E2S0][E2S1][E2S2][E2S3][E2S4][E2S5][E2S6][E2S7][E2S8][E2S9][E2S10][E2S11][E2S12][E2S13][E2S14][E2S15][E2S16]
      (0) 6247 [E2S0][E2S1][E2S2][E2S3][E2S4][E2S5][E2S6][E2S7][E2S8][E2S9][E2S10][E2S11][E2S12][E2S13][E2S14][E2S15][E2S16](bad/weak:624) [E2S0][E2S1][E2S2][E2S3][E2S4][E2S5][E2S6][E2S7][E2S8][E2S9][E2S10][E2S11][E2S12][E2S13][E2S14][E2S15][E2S16] (6247)
32.0: (0) 6235 (bad/weak:18)  (6235)
32.5: (1) 6558 [E2S0][E2S1][E2S2][E2S3][E2S4][E2S5][E2S6][E2S7][E2S8][E2S9][E2S10][E2S11][E2S12][E2S13][E2S14][E2S15][E2S16]
      (0) 7386 [7386>6610!] [E2S0][E2S1][E2S2][E2S3][E2S4][E2S5][E2S6][E2S7][E2S8][E2S9][E2S10][E2S11][E2S12][E2S13][E2S14][E2S15][E2S16](bad/weak:658) [E2S0][E2S1][E2S2][E2S3][E2S4][E2S5][E2S6][E2S7][E2S8][E2S9][E2S10][E2S11][E2S12][E2S13][E2S14][E2S15][E2S16] (7386)
33.0: (0) 6235 (bad/weak:17)  (6235)
33.5: (0) 6232 [E2S0][E2S1][E2S2][E2S3][E2S4][E2S5][E2S6][E2S7][E2S8][E2S9][E2S10][E2S11][E2S12][E2S13][E2S14][E2S15][E2S16]
      (0) 6164 [E2S0][E2S1][E2S2][E2S3][E2S4][E2S5][E2S6][E2S7][E2S8][E2S9][E2S10][E2S11][E2S12][E2S13][E2S14][E2S15][E2S16](bad/weak:646) [E2S0][E2S1][E2S2][E2S3][E2S4][E2S5][E2S6][E2S7][E2S8][E2S9][E2S10][E2S11][E2S12][E2S13][E2S14][E2S15][E2S16] (6164)
34.0: (0) 6235 (bad/weak:18)  (6235)
34.5: (1) 6733 [E2S0][E2S1][E2S2][E2S3][E2S4][E2S5][E2S6][E2S7][E2S8][E2S9][E2S10][E2S11][E2S12][E2S13][E2S14][E2S15][E2S16]
      (1) 6566 [E2S0][E2S1][E2S2][E2S3][E2S4][E2S5][E2S6][E2S7][E2S8][E2S9][E2S10][E2S11][E2S12][E2S13][E2S14][E2S15][E2S16](bad/weak:917) [E2S0][E2S1][E2S2][E2S3][E2S4][E2S5][E2S6][E2S7][E2S8][E2S9][E2S10][E2S11][E2S12][E2S13][E2S14][E2S15][E2S16] (6566)
35.0: (0) 6231 (bad/weak:18)  (6231)
35.5: (0) 6229 [E5S1][E5S2][E11S3][E5S4][E2S5]
      (0) 6231 [E5S2][E5S4][E2S5]
      (0) 6231 [E5S4][E2S5]
      (0) 6228 [E5S2][E11S3][E5S4][E2S5]
      (0) 6230 [E5S4][E2S5]
      (0) 6229 [E2S2][E5S4][E2S5]
      (0) 6229 [E5S2][E5S3][E5S4][E2S5]
      (0) 6231 [E5S4][E11S5]
      (0) 6231 [E5S2][E5S4][E2S5]
      (0) 6230 [E5S2][E5S4][E2S5]
      (0) 6230 [E11S3][E5S4][E2S5][E5S6]
      (0) 6229 [E11S3][E5S4][E2S5]
      (0) 6229 [E5S3][E5S4][E2S5]
      (0) 6231 [E5S4][E2S5]
      (0) 6231 [E5S4][E2S5]
      (0) 6230 [E5S2][E11S3][E5S4][E11S5]
      (0) 6230 [E5S2][E5S4][E11S5]
      (0) 6231 [E5S4][E2S5]
      (0) 6230 [E5S4][E2S5]
      (0) 6231 [E5S3][E5S4][E2S5]
      (0) 6231 [E5S4][E2S5]
      (0) 6230 [E11S3][E5S4][E2S5][E5S6]
      (0) 6230 [E5S4][E11S5]
      (0) 6231 [E11S3][E5S4][E2S5]
      (0) 6150 [E11S3][E11S4][E11S5][E5S15]
      (0) 6231 [E5S4][E2S5]
      (0) 6231 [E5S2][E5S4][E2S5]
      (0) 6232 [E5S3][E5S4][E2S5]
      (0) 6228 [E11S3][E5S4][E2S5]
      (0) 6229 [E5S4][E2S5]
      (0) 6232 [E5S3][E5S4][E2S5]
      (0) 6232 [E5S4][E11S5]
      (0) 6231 [E5S4][E2S5]
      (0) 6231 [E5S4][E2S5]
      (0) 6231 [E5S4][E2S5]
      (0) 6233 [E5S3][E5S4][E11S5]
      (0) 6231 [E5S3][E5S4][E11S5]
      (0) 6231 [E5S4][E2S5]
      (0) 6151 [E5S4][E2S5][E5S14]
      (0) 6230 [E5S4][E2S5]
      (0) 6232 [E2S2][E5S4][E2S5](bad/weak:28) [E2S2][E5S4][E2S5] (6232)
36.0: (1) 7263 [7263>7034!] [E2S0][E2S1][E2S2][E2S3][E2S4][E2S5][E2S6][E2S7][E2S8][E2S9][E2S10][E2S11][E2S12][E2S13][E2S14][E2S15][E2S16]
      (1) 6956 [E2S0][E2S1][E2S2][E2S3][E2S4][E2S5][E2S6][E2S7][E2S8][E2S9][E2S10][E2S11][E2S12][E2S13][E2S14][E2S15][E2S16](bad/weak:6378) [E2S0][E2S1][E2S2][E2S3][E2S4][E2S5][E2S6][E2S7][E2S8][E2S9][E2S10][E2S11][E2S12][E2S13][E2S14][E2S15][E2S16] (6956)
36.5: (1) 7169 [7169>7034!] [E2S0][E2S1][E2S2][E2S3][E2S4][E2S5][E2S6][E2S7][E2S8][E2S9][E2S10][E2S11][E2S12][E2S13][E2S14][E2S15][E2S16]
      (1) 6714 [E2S0][E2S1][E2S2][E2S3][E2S4][E2S5][E2S6][E2S7][E2S8][E2S9][E2S10][E2S11][E2S12][E2S13][E2S14][E2S15][E2S16](bad/weak:6185) [E2S0][E2S1][E2S2][E2S3][E2S4][E2S5][E2S6][E2S7][E2S8][E2S9][E2S10][E2S11][E2S12][E2S13][E2S14][E2S15][E2S16] (6714)
37.0: (1 NOSYNC!) 0 [Unformatted Track]  (0)
37.5: (1 NOSYNC!) 0 [Unformatted Track]  (0)
38.0: (1 NOSYNC!) 0 [Unformatted Track]  (0)
38.5: (1 NOSYNC!) 0 [Unformatted Track]  (0)
39.0: (1 NOSYNC!) 0 [Unformatted Track]  (0)
39.5: (1 NOSYNC!) 0 [Unformatted Track]  (0)
40.0: (1 NOSYNC!) 0 [Unformatted Track]  (0)
40.5: (1 NOSYNC!) 0 [Unformatted Track]  (0)
41.0: (1 NOSYNC!) 0 [Unformatted Track]  (0)
41.5: (1 NOSYNC!) 0 [Unformatted Track]  (0)