Built Sep 24 2011 22:38:17
'C:\opencbm\bin\nibread.exe -D8 -e40 -h -s C:\zimages\dopple v1.nbz '


18.0: (2) 
CID: '87'
FID: '87'


 1.0: (3) 7696 (bad/weak:21)  (7696)
 1.5: (3) 7674 [E2S0][E11S1][E5S2][E5S3][E5S6][E5S7][E2S8][E2S9][E2S10][E2S11][E2S12][E2S13][E2S14][E2S15][E2S16][E2S17][E2S18][E2S19][E2S20]
      (3) 7676 [E2S0][E11S1][E5S2][E5S3][E6S6][E2S7][E2S8][E2S9][E2S10][E2S11][E2S12][E2S13][E2S14][E2S15][E2S16][E2S17][E2S18][E2S19][E2S20]
      (3) 7645 [E2S0][E11S1][E5S2][E5S3][E5S6][E6S7][E2S8][E2S9][E2S10][E2S11][E2S12][E2S13][E2S14][E2S15][E2S16][E2S17][E2S18][E2S19][E2S20]
      (3) 7674 [E2S0][E11S1][E5S2][E6S3][E5S6][E5S7][E2S8][E2S9][E2S10][E2S11][E2S12][E2S13][E2S14][E2S15][E2S16][E2S17][E2S18][E2S19][E2S20]
      (3) 7684 [E2S0][E11S1][E5S2][E5S3][E6S6][E6S7][E2S8][E2S9][E2S10][E2S11][E2S12][E2S13][E2S14][E2S15][E2S16][E2S17][E2S18][E2S19][E2S20]
      (3) 7674 [E2S0][E11S1][E5S2][E5S3][E5S6][E6S7][E2S8][E2S9][E2S10][E2S11][E2S12][E2S13][E2S14][E2S15][E2S16][E2S17][E2S18][E2S19][E2S20]
      (3) 7676 [E2S0][E11S1][E5S2][E5S3][E6S6][E2S7][E2S8][E11S9][E2S10][E2S11][E2S12][E2S13][E2S14][E2S15][E2S16][E2S17][E2S18][E2S19][E2S20]
      (3) 7676 [E2S0][E11S1][E5S2][E5S3][E6S6][E5S7][E2S8][E2S9][E2S10][E2S11][E2S12][E2S13][E2S14][E2S15][E2S16][E2S17][E2S18][E11S19][E2S20]
      (3) 7643 [E2S0][E11S1][E5S2][E5S3][E5S6][E5S7][E2S8][E2S9][E2S10][E2S11][E2S12][E2S13][E2S14][E2S15][E2S16][E2S17][E2S18][E2S19][E2S20]
      (3) 7672 [E2S0][E11S1][E5S2][E5S3][E5S6][E6S7][E2S8][E2S9][E2S10][E2S11][E2S12][E2S13][E2S14][E2S15][E2S16][E2S17][E2S18][E2S19][E2S20]
      (3) 7952 [E2S0][E11S1][E5S2][E5S3][E5S6][E5S7][E2S8][E2S9][E2S10][E2S11][E2S12][E2S13][E2S14][E2S15][E2S16][E2S17][E2S18][E2S19][E2S20]
      (3) 7678 [E2S0][E11S1][E5S2][E5S3][E6S6][E5S7][E2S8][E2S9][E2S10][E2S11][E2S12][E2S13][E2S14][E2S15][E2S16][E2S17][E2S18][E2S19][E2S20]
      (3) 7686 [E2S0][E11S1][E5S2][E5S3][E5S6][E6S7][E2S8][E2S9][E2S10][E2S11][E2S12][E2S13][E2S14][E2S15][E2S16][E2S17][E2S18][E11S19][E2S20]
      (3) 7674 [E2S0][E11S1][E5S2][E5S3][E5S6][E6S7][E2S8][E2S9][E2S10][E2S11][E2S12][E2S13][E2S14][E2S15][E2S16][E2S17][E2S18][E2S19][E2S20]
      (3) 8031 [E2S0][E11S1][E5S2][E5S3][E6S6][E6S7][E2S8][E11S9][E2S10][E2S11][E2S12][E2S13][E2S14][E2S15][E2S16][E2S17][E2S18][E2S19][E2S20]
      (3) 7570 [E2S0][E11S1][E5S2][E5S3][E5S6][E5S7][E2S8][E2S9][E2S10][E2S11][E2S12][E2S13][E2S14][E2S15][E2S16][E2S17][E2S18][E11S19][E2S20]
      (3) 7673 [E2S0][E11S1][E5S2][E5S3][E5S6][E6S7][E2S8][E2S9][E2S10][E2S11][E2S12][E2S13][E2S14][E2S15][E2S16][E2S17][E2S18][E2S19][E2S20]
      (3) 8038 [E2S0][E11S1][E5S2][E5S3][E5S6][E2S7][E2S8][E2S9][E2S10][E2S11][E2S12][E2S13][E2S14][E2S15][E2S16][E2S17][E2S18][E11S19][E2S20]
      (3) 7672 [E2S0][E11S1][E5S2][E5S3][E6S6][E6S7][E2S8][E2S9][E2S10][E2S11][E2S12][E2S13][E2S14][E2S15][E2S16][E2S17][E2S18][E2S19][E2S20]
      (3) 7673 [E2S0][E11S1][E5S2][E5S3][E5S6][E5S7][E2S8][E2S9][E2S10][E2S11][E2S12][E2S13][E2S14][E2S15][E2S16][E2S17][E2S18][E11S19][E2S20]
      (3) 7672 [E2S0][E11S1][E5S2][E6S3][E5S6][E5S7][E2S8][E2S9][E2S10][E2S11][E2S12][E2S13][E2S14][E2S15][E2S16][E2S17][E2S18][E2S19][E2S20]
      (3) 7660 [E2S0][E11S1][E5S2][E5S3][E6S6][E5S7][E2S8][E2S9][E2S10][E2S11][E2S12][E2S13][E2S14][E2S15][E2S16][E2S17][E2S18][E11S19][E2S20]
      (3) 7677 [E2S0][E11S1][E5S2][E5S3][E6S6][E5S7][E2S8][E2S9][E2S10][E2S11][E2S12][E2S13][E2S14][E2S15][E2S16][E2S17][E2S18][E2S19][E2S20]
      (3) 7674 [E2S0][E11S1][E5S2][E5S3][E5S6][E5S7][E2S8][E2S9][E2S10][E2S11][E2S12][E2S13][E2S14][E2S15][E2S16][E2S17][E2S18][E2S19][E2S20]
      (3) 7675 [E2S0][E11S1][E5S2][E5S3][E5S6][E5S7][E2S8][E2S9][E2S10][E2S11][E2S12][E2S13][E2S14][E2S15][E2S16][E2S17][E2S18][E11S19][E2S20]
      (3) 7674 [E2S0][E11S1][E5S2][E5S3][E6S6][E2S7][E2S8][E2S9][E2S10][E2S11][E2S12][E2S13][E2S14][E2S15][E2S16][E2S17][E2S18][E2S19][E2S20]
      (3) 7672 [E2S0][E11S1][E5S2][E5S3][E5S6][E5S7][E2S8][E2S9][E2S10][E2S11][E2S12][E2S13][E2S14][E2S15][E2S16][E2S17][E2S18][E11S19][E2S20]
      (3) 7670 [E2S0][E11S1][E5S2][E6S3][E5S6][E2S7][E2S8][E2S9][E2S10][E2S11][E2S12][E2S13][E2S14][E2S15][E2S16][E2S17][E2S18][E2S19][E2S20]
      (3) 7674 [E2S0][E11S1][E5S2][E5S3][E5S6][E5S7][E2S8][E2S9][E2S10][E2S11][E2S12][E2S13][E2S14][E2S15][E2S16][E2S17][E2S18][E11S19][E2S20]
      (3) 7683 [E2S0][E11S1][E5S2][E5S3][E5S6][E6S7][E2S8][E11S9][E2S10][E2S11][E2S12][E2S13][E2S14][E2S15][E2S16][E2S17][E2S18][E2S19][E2S20]
      (3) 7673 [E2S0][E11S1][E5S2][E6S3][E2S6][E5S7][E2S8][E2S9][E2S10][E2S11][E2S12][E2S13][E2S14][E2S15][E2S16][E2S17][E2S18][E2S19][E2S20]
      (3) 7673 [E2S0][E11S1][E5S2][E5S3][E5S6][E6S7][E2S8][E2S9][E2S10][E2S11][E2S12][E2S13][E2S14][E2S15][E2S16][E2S17][E2S18][E11S19][E2S20]
      (3) 7671 [E2S0][E11S1][E5S2][E5S3][E6S6][E2S7][E2S8][E2S9][E2S10][E2S11][E2S12][E2S13][E2S14][E2S15][E2S16][E2S17][E2S18][E2S19][E2S20]
      (3) 7683 [E2S0][E11S1][E5S2][E5S3][E5S6][E6S7][E2S8][E2S9][E2S10][E2S11][E2S12][E2S13][E2S14][E2S15][E2S16][E2S17][E2S18][E2S19][E2S20]
      (3) 7671 [E2S0][E11S1][E5S2][E5S6][E5S7][E2S8][E11S9][E2S10][E2S11][E2S12][E2S13][E2S14][E2S15][E2S16][E2S17][E2S18][E2S19][E2S20]
      (3) 8087 [8087>8077!] [E2S0][E11S1][E5S2][E5S3][E5S6][E2S7][E2S8][E2S9][E2S10][E2S11][E2S12][E2S13][E2S14][E2S15][E2S16][E2S17][E2S18][E2S19][E2S20]
      (3) 7675 [E2S0][E11S1][E5S2][E5S3][E6S6][E2S7][E2S8][E11S9][E2S10][E2S11][E2S12][E2S13][E2S14][E2S15][E2S16][E2S17][E2S18][E11S19][E2S20]
      (3) 7647 [E2S0][E11S1][E5S2][E5S3][E5S6][E6S7][E2S8][E2S9][E2S10][E2S11][E2S12][E2S13][E2S14][E2S15][E2S16][E2S17][E2S18][E11S19][E2S20]
      (3) 7674 [E2S0][E11S1][E5S2][E5S3][E5S6][E6S7][E2S8][E2S9][E2S10][E2S11][E2S12][E2S13][E2S14][E2S15][E2S16][E2S17][E2S18][E11S19][E2S20]
      (3) 7677 [E2S0][E11S1][E5S2][E6S3][E5S6][E5S7][E2S8][E2S9][E2S10][E2S11][E2S12][E2S13][E2S14][E2S15][E2S16][E2S17][E2S18][E11S19][E2S20]
      (3) 7888 [E2S0][E11S1][E5S2][E5S3][E5S6][E5S7][E2S8][E11S9][E2S10][E2S11][E2S12][E2S13][E2S14][E2S15][E2S16][E2S17][E2S18][E11S19][E2S20](bad/weak:737) [E2S0][E11S1][E5S2][E5S3][E5S6][E5S7][E2S8][E11S9][E2S10][E2S11][E2S12][E2S13][E2S14][E2S15][E2S16][E2S17][E2S18][E11S19][E2S20] (7888)
 2.0: (3) 7702 (bad/weak:21)  (7702)
 2.5: (3) 7821 [E5S0][E11S1][E2S2][E2S3][E2S4][E2S5][E2S6][E2S7][E2S8][E2S9][E2S10][E2S11][E2S12][E2S13][E2S14][E11S15][E2S16][E5S17][E5S18][E5S19][E5S20]
      (3) 7682 [E5S0][E11S1][E2S2][E2S3][E2S4][E2S5][E2S6][E2S7][E2S8][E2S9][E2S10][E2S11][E2S12][E2S13][E2S14][E11S15][E2S16][E5S17][E5S18][E5S19][E9S20](bad/weak:651) [E5S0][E11S1][E2S2][E2S3][E2S4][E2S5][E2S6][E2S7][E2S8][E2S9][E2S10][E2S11][E2S12][E2S13][E2S14][E11S15][E2S16][E5S17][E5S18][E5S19][E9S20] (7682)
 3.0: (3) 7703 (bad/weak:21)  (7703)
 3.5: (3) 7677 [E2S0][E2S1][E2S2][E2S3][E2S4][E2S5][E2S6][E2S7][E2S8][E5S9][E2S10][E5S11][E5S12][E5S13][E11S14][E2S15][E2S16][E2S17][E2S18][E2S19][E2S20]
      (3) 7676 [E2S0][E2S1][E2S2][E2S3][E2S4][E2S5][E2S6][E2S7][E2S8][E5S9][E2S10][E5S11][E5S12][E5S13][E11S14][E2S15][E2S16][E2S17][E2S18][E2S19][E2S20](bad/weak:623) [E2S0][E2S1][E2S2][E2S3][E2S4][E2S5][E2S6][E2S7][E2S8][E5S9][E2S10][E5S11][E5S12][E5S13][E11S14][E2S15][E2S16][E2S17][E2S18][E2S19][E2S20] (7676)
 4.0: (3) 7696 (bad/weak:22)  (7696)
 4.5: (3) 7655 [E2S0][E2S1][E2S2][E11S3][E2S4][E5S5][E11S6][E2S7][E2S8][E2S9][E2S10][E2S11][E2S12][E2S13][E2S14][E2S15][E2S16][E2S17][E2S18][E2S19][E2S20]
      (3) 7659 [E2S0][E2S1][E2S2][E2S3][E2S4][E5S5][E11S6][E2S7][E2S8][E2S9][E2S10][E2S11][E2S12][E2S13][E2S14][E2S15][E2S16][E2S17][E2S18][E2S19][E2S20](bad/weak:642) [E2S0][E2S1][E2S2][E2S3][E2S4][E5S5][E11S6][E2S7][E2S8][E2S9][E2S10][E2S11][E2S12][E2S13][E2S14][E2S15][E2S16][E2S17][E2S18][E2S19][E2S20] (7659)
 5.0: (3) 7695 (bad/weak:21)  (7695)
 5.5: (3) 8031 [E5S0][E11S1][E2S2][E2S3][E2S4][E2S5][E2S6][E2S7][E2S8][E2S9][E2S10][E2S11][E2S12][E2S13][E2S14][E2S15][E2S16][E5S17][E5S18][E5S19][E11S20]
      (3) 7671 [E5S0][E11S1][E2S2][E2S3][E2S4][E2S5][E2S6][E2S7][E2S8][E2S9][E2S10][E2S11][E2S12][E2S13][E2S14][E2S15][E2S16][E5S17][E6S18][E9S19][E11S20](bad/weak:665) [E5S0][E11S1][E2S2][E2S3][E2S4][E2S5][E2S6][E2S7][E2S8][E2S9][E2S10][E2S11][E2S12][E2S13][E2S14][E2S15][E2S16][E5S17][E6S18][E9S19][E11S20] (7671)
 6.0: (3) 7701 (bad/weak:21)  (7701)
 6.5: (3) 7675 [E2S0][E2S1][E2S2][E2S3][E2S4][E2S5][E2S6][E2S7][E2S8][E2S9][E2S10][E11S11][E11S12][E5S13][E11S14][E5S15][E5S16][E2S17][E2S18][E2S19][E2S20]
      (3) 7731 [E2S0][E2S1][E2S2][E2S3][E2S4][E2S5][E2S6][E2S7][E2S8][E2S9][E2S10][E11S11][E11S12][E5S13][E11S14][E5S15][E5S16][E2S17][E2S18][E2S19][E2S20](bad/weak:636) [E2S0][E2S1][E2S2][E2S3][E2S4][E2S5][E2S6][E2S7][E2S8][E2S9][E2S10][E11S11][E11S12][E5S13][E11S14][E5S15][E5S16][E2S17][E2S18][E2S19][E2S20] (7731)
 7.0: (3) 7702 (bad/weak:21)  (7702)
 7.5: (3) 7664 [E2S0][E11S1][E2S2][E2S3][E5S4][E5S7][E11S8][E5S9][E2S10][E2S11][E2S12][E2S13][E2S14][E2S15][E2S16][E2S17][E2S18][E2S19][E2S20]
      (3) 7662 [E2S0][E2S1][E2S2][E2S3][E5S4][E5S7][E11S8][E5S9][E2S10][E2S11][E2S12][E2S13][E2S14][E2S15][E2S16][E2S17][E2S18][E2S19][E2S20]
      (3) 7661 [E2S0][E2S1][E2S2][E2S3][E5S4][E5S7][E11S8][E5S9][E2S10][E2S11][E2S12][E2S13][E2S14][E2S15][E2S16][E2S17][E2S18][E2S19][E2S20]
      (3) 7737 [E2S0][E2S1][E2S2][E2S3][E6S4][E5S7][E11S8][E2S10][E2S11][E2S12][E2S13][E2S14][E2S15][E2S16][E2S17][E2S18][E2S19][E2S20]
      (3) 7661 [E2S0][E2S1][E2S2][E2S3][E6S4][E5S7][E11S8][E9S9][E2S10][E2S11][E2S12][E2S13][E2S14][E2S15][E2S16][E2S17][E2S18][E2S19][E2S20]
      (3) 7661 [E2S0][E2S1][E2S2][E2S3][E5S4][E5S7][E11S8][E5S9][E2S10][E2S11][E2S12][E2S13][E2S14][E2S15][E2S16][E2S17][E2S18][E2S19][E2S20]
      (3) 7586 [E2S0][E11S1][E2S2][E2S3][E6S4][E11S8][E5S9][E2S10][E2S11][E2S12][E2S13][E2S14][E2S15][E2S16][E2S17][E2S18][E2S19][E2S20]
      (3) 8022 [E2S0][E2S1][E2S2][E2S3][E5S4][E5S7][E11S8][E5S9][E2S10][E2S11][E2S12][E2S13][E2S14][E2S15][E2S16][E2S17][E2S18][E2S19][E2S20]
      (3) 7570 [E2S0][E2S1][E2S2][E2S3][E5S4][E5S7][E11S8][E5S9][E2S10][E2S11][E2S12][E2S13][E2S14][E2S15][E2S16][E2S17][E2S18][E2S19][E2S20]
      (3) 7661 [E2S0][E2S1][E2S2][E2S3][E5S4][E5S7][E11S8][E5S9][E2S10][E2S11][E2S12][E2S13][E2S14][E2S15][E2S16][E2S17][E2S18][E2S19][E2S20]
      (3) 7663 [E2S0][E11S1][E2S2][E2S3][E5S4][E5S7][E11S8][E5S9][E2S10][E2S11][E2S12][E2S13][E2S14][E2S15][E2S16][E2S17][E2S18][E2S19][E2S20]
      (3) 7665 [E2S0][E2S1][E2S2][E2S3][E5S4][E5S7][E5S8][E5S9][E2S10][E11S11][E2S12][E2S13][E2S14][E2S15][E2S16][E2S17][E2S18][E2S19][E2S20]
      (3) 7662 [E2S0][E2S1][E2S2][E2S3][E5S7][E11S8][E5S9][E2S10][E11S11][E2S12][E2S13][E2S14][E2S15][E2S16][E2S17][E2S18][E2S19][E2S20]
      (3) 7665 [E2S0][E11S1][E2S2][E2S3][E5S4][E5S7][E11S8][E5S9][E2S10][E2S11][E2S12][E2S13][E2S14][E2S15][E2S16][E2S17][E2S18][E2S19][E2S20]
      (3) 7858 [E2S0][E2S1][E2S2][E2S3][E5S4][E5S7][E6S8][E5S9][E2S10][E2S11][E2S12][E2S13][E2S14][E2S15][E2S16][E2S17][E2S18][E2S19][E2S20]
      (3) 7663 [E2S0][E2S1][E2S2][E2S3][E5S4][E5S7][E11S8][E5S9][E2S10][E2S11][E2S12][E2S13][E2S14][E2S15][E2S16][E2S17][E2S18][E2S19][E2S20]
      (3) 7616 [E2S0][E2S1][E2S2][E2S3][E5S4][E5S7][E11S8][E5S9][E2S10][E2S11][E2S12][E2S13][E2S14][E2S15][E2S16][E2S17][E2S18][E2S19][E2S20]
      (3) 7662 [E2S0][E11S1][E2S2][E2S3][E5S7][E5S8][E5S9][E2S10][E2S11][E2S12][E2S13][E2S14][E2S15][E2S16][E2S17][E2S18][E2S19][E2S20]
      (3) 7662 [E2S0][E2S1][E2S2][E2S3][E5S4][E5S7][E11S8][E5S9][E2S10][E2S11][E2S12][E2S13][E2S14][E2S15][E2S16][E2S17][E2S18][E2S19][E2S20]
      (3) 7662 [E2S0][E11S1][E2S2][E2S3][E5S7][E11S8][E5S9][E2S10][E11S11][E2S12][E2S13][E2S14][E2S15][E2S16][E2S17][E2S18][E2S19][E2S20]
      (3) 8024 [E2S0][E2S1][E2S2][E2S3][E5S4][E5S7][E11S8][E5S9][E2S10][E2S11][E2S12][E2S13][E2S14][E2S15][E2S16][E2S17][E2S18][E2S19][E2S20]
      (3) 7663 [E2S0][E11S1][E2S2][E5S3][E5S7][E11S8][E5S9][E2S10][E2S11][E2S12][E2S13][E2S14][E2S15][E2S16][E2S17][E2S18][E2S19][E2S20]
      (3) 7661 [E2S0][E11S1][E2S2][E2S3][E5S4][E5S7][E11S8][E5S9][E2S10][E2S11][E2S12][E2S13][E2S14][E2S15][E2S16][E2S17][E2S18][E2S19][E2S20]
      (3) 7664 [E2S0][E11S1][E2S2][E2S3][E5S4][E5S7][E11S8][E5S9][E2S10][E2S11][E2S12][E2S13][E2S14][E2S15][E2S16][E2S17][E2S18][E2S19][E2S20]
      (3) 7662 [E2S0][E2S1][E2S2][E2S3][E6S4][E5S7][E11S8][E5S9][E2S10][E2S11][E2S12][E2S13][E2S14][E2S15][E2S16][E2S17][E2S18][E2S19][E2S20]
      (3) 7670 [E2S0][E2S1][E2S2][E2S3][E5S7][E11S8][E5S9][E2S10][E11S11][E2S12][E2S13][E2S14][E2S15][E2S16][E2S17][E2S18][E2S19][E2S20]
      (3) 7661 [E2S0][E2S1][E2S2][E5S3][E6S4][E5S7][E11S8][E5S9][E2S10][E2S11][E2S12][E2S13][E2S14][E2S15][E2S16][E2S17][E2S18][E2S19][E2S20]
      (3) 7661 [E2S0][E11S1][E2S2][E2S3][E5S4][E5S7][E11S8][E5S9][E2S10][E2S11][E2S12][E2S13][E2S14][E2S15][E2S16][E2S17][E2S18][E2S19][E2S20]
      (3) 7664 [E2S0][E11S1][E2S2][E2S3][E5S4][E5S7][E11S8][E9S9][E2S10][E2S11][E2S12][E2S13][E2S14][E2S15][E2S16][E2S17][E2S18][E2S19][E2S20]
      (3) 7592 [E2S0][E11S1][E2S2][E2S3][E5S4][E5S7][E11S8][E5S9][E2S10][E2S11][E2S12][E2S13][E2S14][E2S15][E2S16][E2S17][E2S18][E2S19][E2S20]
      (3) 7660 [E2S0][E2S1][E2S2][E2S3][E5S4][E5S7][E11S8][E5S9][E2S10][E2S11][E2S12][E2S13][E2S14][E2S15][E2S16][E2S17][E2S18][E2S19][E2S20]
      (3) 7662 [E2S0][E11S1][E2S2][E2S3][E5S7][E11S8][E5S9][E2S10][E2S11][E2S12][E2S13][E2S14][E2S15][E2S16][E2S17][E2S18][E2S19][E2S20]
      (3) 8020 [E2S0][E11S1][E2S2][E2S3][E6S4][E5S7][E11S8][E9S9][E2S10][E2S11][E2S12][E2S13][E2S14][E2S15][E2S16][E2S17][E2S18][E2S19][E2S20]
      (3) 7663 [E2S0][E11S1][E2S2][E2S3][E5S4][E5S7][E11S8][E5S9][E2S10][E2S11][E2S12][E2S13][E2S14][E2S15][E2S16][E2S17][E2S18][E2S19][E2S20]
      (3) 7667 [E2S0][E11S1][E2S2][E5S3][E5S4][E5S7][E11S8][E5S9][E2S10][E2S11][E2S12][E2S13][E2S14][E2S15][E2S16][E2S17][E2S18][E2S19][E2S20]
      (3) 7665 [E2S0][E11S1][E2S2][E2S3][E6S4][E5S7][E11S8][E5S9][E2S10][E2S11][E2S12][E2S13][E2S14][E2S15][E2S16][E2S17][E2S18][E2S19][E2S20]
      (3) 7662 [E2S0][E11S1][E2S2][E2S3][E5S7][E11S8][E5S9][E2S10][E2S11][E2S12][E2S13][E2S14][E2S15][E2S16][E2S17][E2S18][E2S19][E2S20]
      (3) 7662 [E2S0][E11S1][E2S2][E5S3][E5S4][E5S7][E11S8][E5S9][E2S10][E2S11][E2S12][E2S13][E2S14][E2S15][E2S16][E2S17][E2S18][E2S19][E2S20]
      (3) 7662 [E2S0][E2S1][E2S2][E2S3][E5S4][E5S7][E11S8][E5S9][E2S10][E2S11][E2S12][E2S13][E2S14][E2S15][E2S16][E2S17][E2S18][E2S19][E2S20]
      (3) 7661 [E2S0][E11S1][E2S2][E2S3][E5S7][E6S8][E5S9][E2S10][E2S11][E2S12][E2S13][E2S14][E2S15][E2S16][E2S17][E2S18][E2S19][E2S20]
      (3) 7676 [E2S0][E11S1][E2S2][E2S3][E5S4][E5S7][E11S8][E5S9][E2S10][E2S11][E2S12][E2S13][E2S14][E2S15][E2S16][E2S17][E2S18][E2S19][E2S20](bad/weak:678) [E2S0][E11S1][E2S2][E2S3][E5S4][E5S7][E11S8][E5S9][E2S10][E2S11][E2S12][E2S13][E2S14][E2S15][E2S16][E2S17][E2S18][E2S19][E2S20] (7676)
 8.0: (3) 7697 (bad/weak:21)  (7697)
 8.5: (3) 7668 [E11S1][E2S2][E5S3][E2S4][E2S5][E2S6][E2S7][E2S8][E2S9][E2S10][E2S11][E2S12][E2S13][E2S14][E2S15][E2S16][E2S17][E2S18][E2S19][E5S20]
      (3) 7665 [E5S0][E11S1][E2S2][E5S3][E2S4][E2S5][E2S6][E2S7][E2S8][E2S9][E2S10][E2S11][E2S12][E2S13][E2S14][E2S15][E2S16][E2S17][E2S18][E11S19][E6S20](bad/weak:684) [E5S0][E11S1][E2S2][E5S3][E2S4][E2S5][E2S6][E2S7][E2S8][E2S9][E2S10][E2S11][E2S12][E2S13][E2S14][E2S15][E2S16][E2S17][E2S18][E11S19][E6S20] (7665)
 9.0: (3) 7696 (bad/weak:21)  (7696)
 9.5: (3) 7664 [E2S0][E2S1][E2S2][E2S3][E2S4][E2S5][E2S6][E2S7][E2S8][E2S9][E2S10][E5S11][E2S12][E5S14][E5S15][E5S16][E5S17][E2S18][E2S19][E2S20]
      (3) 7665 [E2S0][E2S1][E2S2][E2S3][E2S4][E2S5][E2S6][E2S7][E2S8][E2S9][E2S10][E6S11][E2S12][E5S14][E6S15][E6S16][E5S17][E2S18][E2S19][E2S20]
      (3) 7661 [E2S0][E2S1][E2S2][E2S3][E2S4][E2S5][E2S6][E2S7][E2S8][E2S9][E2S10][E5S11][E2S12][E5S14][E5S15][E5S16][E5S17][E2S18][E2S19][E2S20]
      (3) 7619 [E2S0][E2S1][E2S2][E2S3][E2S4][E2S5][E2S6][E2S7][E2S8][E2S9][E2S10][E2S12][E5S14][E5S15][E6S16][E5S17][E2S18][E2S19][E2S20]
      (3) 7662 [E2S0][E2S1][E2S2][E2S3][E2S4][E2S5][E2S6][E2S7][E2S8][E2S9][E2S10][E5S11][E2S12][E5S14][E5S15][E6S16][E5S17][E2S18][E2S19][E2S20]
      (3) 7664 [E2S0][E2S1][E2S2][E2S3][E2S4][E2S5][E2S6][E2S7][E2S8][E2S9][E2S10][E5S11][E2S12][E5S14][E5S15][E5S16][E5S17][E2S18][E2S19][E2S20]
      (3) 7661 [E2S0][E2S1][E2S2][E2S3][E2S4][E2S5][E2S6][E2S7][E2S8][E2S9][E2S10][E5S11][E2S12][E5S14][E6S15][E5S16][E5S17][E2S18][E2S19][E2S20]
      (3) 7665 [E2S0][E2S1][E2S2][E2S3][E2S4][E2S5][E2S6][E2S7][E2S8][E2S9][E2S10][E5S11][E2S12][E5S14][E6S15][E5S16][E5S17][E2S18][E2S19][E2S20]
      (3) 7665 [E2S0][E2S1][E2S2][E2S3][E2S4][E2S5][E2S6][E2S7][E2S8][E2S9][E2S10][E2S12][E5S14][E5S15][E6S16][E5S17][E2S18][E2S19][E2S20]
      (3) 7661 [E2S0][E2S1][E2S2][E2S3][E2S4][E2S5][E2S6][E2S7][E2S8][E2S9][E2S10][E5S11][E2S12][E5S14][E5S15][E6S16][E5S17][E2S18][E2S19][E2S20]
      (3) 7663 [E2S0][E2S1][E2S2][E2S3][E2S4][E2S5][E2S6][E2S7][E2S8][E2S9][E2S10][E2S12][E6S14][E5S15][E5S16][E5S17][E2S18][E2S19][E2S20]
      (3) 7664 [E2S0][E2S1][E2S2][E2S3][E2S4][E2S5][E2S6][E2S7][E2S8][E2S9][E2S10][E5S11][E2S12][E5S14][E5S15][E5S16][E5S17][E2S18][E2S19][E2S20]
      (3) 7660 [E2S0][E2S1][E2S2][E2S3][E2S4][E2S5][E2S6][E2S7][E2S8][E2S9][E2S10][E5S11][E2S12][E5S14][E5S15][E5S16][E5S17][E2S18][E2S19][E2S20]
      (3) 7665 [E2S0][E2S1][E2S2][E2S3][E2S4][E2S5][E2S6][E2S7][E2S8][E2S9][E2S10][E5S11][E2S12][E5S14][E6S15][E5S16][E5S17][E2S18][E2S19][E2S20]
      (3) 7669 [E2S0][E2S1][E2S2][E2S3][E2S4][E2S5][E2S6][E2S7][E2S8][E2S9][E2S10][E5S11][E2S12][E6S14][E5S15][E5S16][E5S17][E2S18][E2S19][E2S20]
      (3) 7663 [E2S0][E2S1][E2S2][E2S3][E2S4][E2S5][E2S6][E2S7][E2S8][E2S9][E2S10][E5S11][E2S12][E5S14][E6S15][E5S16][E5S17][E2S18][E2S19][E2S20]
      (3) 7664 [E2S0][E2S1][E2S2][E2S3][E2S4][E2S5][E2S6][E2S7][E2S8][E2S9][E2S10][E5S11][E2S12][E5S14][E5S15][E6S16][E5S17][E2S18][E2S19][E2S20]
      (3) 7700 [E2S0][E2S1][E2S2][E2S3][E2S4][E2S5][E2S6][E2S7][E2S8][E2S9][E2S10][E5S11][E2S12][E5S14][E5S15][E5S16][E5S17][E2S18][E2S19][E2S20]
      (3) 7660 [E2S0][E2S1][E2S2][E2S3][E2S4][E2S5][E2S6][E2S7][E2S8][E2S9][E2S10][E5S11][E2S12][E5S14][E5S15][E5S16][E5S17][E2S18][E2S19][E2S20]
      (3) 7650 [E2S0][E2S1][E2S2][E2S3][E2S4][E2S5][E2S6][E2S7][E2S8][E2S9][E2S10][E5S11][E2S12][E5S14][E5S15][E5S16][E5S17][E2S18][E2S19][E2S20]
      (3) 7664 [E2S0][E2S1][E2S2][E2S3][E2S4][E2S5][E2S6][E2S7][E2S8][E2S9][E2S10][E5S11][E2S12][E6S14][E5S15][E5S16][E5S17][E2S18][E2S19][E2S20]
      (3) 7661 [E2S0][E2S1][E2S2][E2S3][E2S4][E2S5][E2S6][E2S7][E2S8][E2S9][E2S10][E5S11][E2S12][E5S14][E6S15][E6S16][E5S17][E2S18][E2S19][E2S20]
      (3) 7678 [E2S0][E2S1][E2S2][E2S3][E2S4][E2S5][E2S6][E2S7][E2S8][E2S9][E2S10][E5S11][E2S12][E5S14][E5S15][E5S16][E5S17][E2S18][E2S19][E2S20]
      (3) 7661 [E2S0][E2S1][E2S2][E2S3][E2S4][E2S5][E2S6][E2S7][E2S8][E2S9][E2S10][E5S11][E2S12][E5S14][E6S15][E6S16][E5S17][E2S18][E2S19][E2S20]
      (3) 7991 [E2S0][E2S1][E2S2][E2S3][E2S4][E2S5][E2S6][E2S7][E2S8][E2S9][E2S10][E5S11][E2S12][E5S14][E6S15][E5S16][E5S17][E2S18][E2S19][E2S20]
      (3) 7660 [E2S0][E2S1][E2S2][E2S3][E2S4][E2S5][E2S6][E2S7][E2S8][E2S9][E2S10][E2S12][E5S14][E5S15][E5S16][E5S17][E2S18][E2S19][E2S20]
      (3) 7659 [E2S0][E2S1][E2S2][E2S3][E2S4][E2S5][E2S6][E2S7][E2S8][E2S9][E2S10][E5S11][E2S12][E5S14][E5S15][E6S16][E5S17][E2S18][E2S19][E2S20]
      (3) 7660 [E2S0][E2S1][E2S2][E2S3][E2S4][E2S5][E2S6][E2S7][E2S8][E2S9][E2S10][E6S11][E2S12][E5S14][E5S15][E6S16][E5S17][E2S18][E2S19][E2S20]
      (3) 7662 [E2S0][E2S1][E2S2][E2S3][E2S4][E2S5][E2S6][E2S7][E2S8][E2S9][E2S10][E2S12][E5S14][E5S15][E6S16][E5S17][E2S18][E2S19][E2S20]
      (3) 7659 [E2S0][E2S1][E2S2][E2S3][E2S4][E2S5][E2S6][E2S7][E2S8][E2S9][E2S10][E5S11][E2S12][E5S14][E5S15][E5S16][E5S17][E2S18][E2S19][E2S20]
      (3) 7662 [E2S0][E2S1][E2S2][E2S3][E2S4][E2S5][E2S6][E2S7][E2S8][E2S9][E2S10][E5S11][E2S12][E6S14][E5S15][E5S16][E5S17][E2S18][E2S19][E2S20]
      (3) 7659 [E2S0][E2S1][E2S2][E2S3][E2S4][E2S5][E2S6][E2S7][E2S8][E2S9][E2S10][E5S11][E2S12][E5S14][E6S15][E6S16][E5S17][E2S18][E2S19][E2S20]
      (3) 7659 [E2S0][E2S1][E2S2][E2S3][E2S4][E2S5][E2S6][E2S7][E2S8][E2S9][E2S10][E5S11][E2S12][E6S14][E5S15][E5S16][E5S17][E2S18][E2S19][E2S20]
      (3) 7662 [E2S0][E2S1][E2S2][E2S3][E2S4][E2S5][E2S6][E2S7][E2S8][E2S9][E2S10][E5S11][E2S12][E5S14][E5S15][E5S16][E5S17][E2S18][E2S19][E2S20]
      (3) 7821 [E2S0][E2S1][E2S2][E2S3][E2S4][E2S5][E2S6][E2S7][E2S8][E2S9][E2S10][E5S11][E2S12][E5S14][E5S15][E5S16][E5S17][E2S18][E2S19][E2S20]
      (3) 7659 [E2S0][E2S1][E2S2][E2S3][E2S4][E2S5][E2S6][E2S7][E2S8][E2S9][E2S10][E2S12][E5S14][E5S15][E6S16][E5S17][E2S18][E2S19][E2S20]
      (3) 7659 [E2S0][E2S1][E2S2][E2S3][E2S4][E2S5][E2S6][E2S7][E2S8][E2S9][E2S10][E5S11][E2S12][E5S14][E5S15][E5S16][E5S17][E2S18][E2S19][E2S20]
      (3) 7669 [E2S0][E2S1][E2S2][E2S3][E2S4][E2S5][E2S6][E2S7][E2S8][E2S9][E2S10][E5S11][E2S12][E5S14][E5S15][E6S16][E5S17][E2S18][E2S19][E2S20]
      (3) 7661 [E2S0][E2S1][E2S2][E2S3][E2S4][E2S5][E2S6][E2S7][E2S8][E2S9][E2S10][E5S11][E2S12][E5S14][E5S15][E6S16][E5S17][E2S18][E2S19][E2S20]
      (3) 7660 [E2S0][E2S1][E2S2][E2S3][E2S4][E2S5][E2S6][E2S7][E2S8][E2S9][E2S10][E5S11][E2S12][E5S14][E6S15][E5S16][E5S17][E2S18][E2S19][E2S20]
      (3) 7665 [E2S0][E2S1][E2S2][E2S3][E2S4][E2S5][E2S6][E2S7][E2S8][E2S9][E2S10][E5S11][E2S12][E5S14][E5S15][E5S16][E5S17][E2S18][E2S19][E2S20](bad/weak:668) [E2S0][E2S1][E2S2][E2S3][E2S4][E2S5][E2S6][E2S7][E2S8][E2S9][E2S10][E5S11][E2S12][E5S14][E5S15][E5S16][E5S17][E2S18][E2S19][E2S20] (7665)
10.0: (3) 7700 (bad/weak:21)  (7700)
10.5: (3) 7665 [E2S0][E2S1][E2S2][E2S3][E2S4][E5S5][E11S6][E5S7][E5S8][E5S9][E2S10][E2S11][E2S12][E2S13][E2S14][E2S15][E2S16][E2S17][E2S18][E2S19][E2S20]
      (3) 7668 [E2S0][E2S1][E2S2][E2S3][E2S4][E5S5][E11S6][E5S7][E6S8][E5S9][E2S10][E2S11][E2S12][E2S13][E2S14][E2S15][E2S16][E2S17][E2S18][E2S19][E2S20](bad/weak:711) [E2S0][E2S1][E2S2][E2S3][E2S4][E5S5][E11S6][E5S7][E6S8][E5S9][E2S10][E2S11][E2S12][E2S13][E2S14][E2S15][E2S16][E2S17][E2S18][E2S19][E2S20] (7668)
11.0: (3) 7700 (bad/weak:21)  (7700)
11.5: (3) 7670 [E5S0][E5S1][E6S2][E5S3][E9S4][E2S5][E2S6][E2S7][E2S8][E2S9][E2S10][E2S11][E2S12][E2S13][E2S14][E2S15][E2S16][E2S17][E2S18][E11S19][E6S20]
      (3) 7666 [E6S1][E5S2][E5S3][E11S4][E2S5][E2S6][E2S7][E2S8][E2S9][E2S10][E2S11][E2S12][E2S13][E2S14][E2S15][E2S16][E2S17][E2S18][E11S19][E6S20]
      (3) 7664 [E5S0][E6S1][E5S2][E5S3][E9S4][E2S5][E2S6][E2S7][E2S8][E2S9][E2S10][E2S11][E2S12][E2S13][E2S14][E2S15][E2S16][E2S17][E2S18][E2S19][E6S20](bad/weak:628) [E5S0][E6S1][E5S2][E5S3][E9S4][E2S5][E2S6][E2S7][E2S8][E2S9][E2S10][E2S11][E2S12][E2S13][E2S14][E2S15][E2S16][E2S17][E2S18][E2S19][E6S20] (7664)
12.0: (3) 7695 (bad/weak:21)  (7695)
12.5: (3) 8172 [8172>8077!] [E2S0][E2S1][E2S2][E2S3][E2S4][E2S5][E2S6][E2S7][E2S8][E2S9][E2S10][E2S11][E2S12][E2S13][E5S14][E11S15][E6S16][E2S17][E2S18][E2S19][E2S20]
      (3) 7684 [E2S0][E2S1][E2S2][E2S3][E2S4][E2S5][E2S6][E2S7][E2S8][E2S9][E2S10][E2S11][E2S12][E2S13][E5S14][E11S15][E5S16][E2S17][E2S18][E2S19][E2S20](bad/weak:603) [E2S0][E2S1][E2S2][E2S3][E2S4][E2S5][E2S6][E2S7][E2S8][E2S9][E2S10][E2S11][E2S12][E2S13][E5S14][E11S15][E5S16][E2S17][E2S18][E2S19][E2S20] (7684)
13.0: (3) 7695 (bad/weak:21)  (7695)
13.5: (3) 7668 [E2S0][E2S1][E2S2][E2S3][E2S4][E5S5][E6S6][E5S7][E2S8][E2S9][E5S10][E2S11][E2S12][E2S13][E2S14][E2S15][E2S16][E2S17][E2S18][E2S19][E2S20]
      (3) 7672 [E2S0][E2S1][E2S2][E2S3][E11S4][E5S5][E5S6][E5S7][E2S9][E5S10][E2S11][E2S12][E2S13][E2S14][E2S15][E2S16][E2S17][E2S18][E2S19][E2S20]
      (3) 7666 [E2S0][E2S1][E2S2][E2S3][E11S4][E5S5][E5S6][E5S7][E2S9][E5S10][E2S11][E2S12][E2S13][E2S14][E2S15][E2S16][E2S17][E2S18][E2S19][E2S20]
      (3) 7668 [E2S0][E2S1][E2S2][E2S3][E11S4][E5S5][E6S6][E2S8][E2S9][E5S10][E2S11][E2S12][E2S13][E2S14][E2S15][E2S16][E2S17][E2S18][E2S19][E2S20]
      (3) 7668 [E2S0][E2S1][E2S2][E2S3][E11S4][E5S5][E6S6][E5S8][E2S9][E5S10][E2S11][E2S12][E2S13][E2S14][E2S15][E2S16][E2S17][E2S18][E2S19][E2S20]
      (3) 8101 [8101>8077!] [E2S0][E2S1][E2S2][E2S3][E11S4][E5S5][E5S6][E6S7][E2S8][E2S9][E5S10][E2S11][E2S12][E2S13][E2S14][E2S15][E2S16][E2S17][E2S18][E2S19][E2S20](bad/weak:590) [E2S0][E2S1][E2S2][E2S3][E11S4][E5S5][E5S6][E6S7][E2S8][E2S9][E5S10][E2S11][E2S12][E2S13][E2S14][E2S15][E2S16][E2S17][E2S18][E2S19][E2S20] (8101)
14.0: (3) 7701 (bad/weak:21)  (7701)
14.5: (3) 7993 [E11S0][E2S1][E2S2][E5S3][E2S4][E2S5][E2S6][E2S7][E2S8][E2S9][E2S10][E2S11][E2S12][E2S13][E2S14][E2S15][E2S16][E2S17][E2S18][E2S19][E4S20]
      (3) 7664 [E11S0][E5S1][E2S2][E5S3][E2S4][E2S5][E2S6][E2S7][E2S8][E2S9][E2S10][E2S11][E2S12][E2S13][E2S14][E2S15][E2S16][E2S17][E2S18][E2S19][E11S20](bad/weak:541) [E11S0][E5S1][E2S2][E5S3][E2S4][E2S5][E2S6][E2S7][E2S8][E2S9][E2S10][E2S11][E2S12][E2S13][E2S14][E2S15][E2S16][E2S17][E2S18][E2S19][E11S20] (7664)
15.0: (3) 7700 (bad/weak:21)  (7700)
15.5: (3) 7657 [E2S0][E2S1][E2S2][E2S3][E2S4][E2S5][E2S6][E2S7][E2S8][E2S9][E2S10][E2S11][E2S12][E5S13][E11S14][E5S15][E2S16][E5S18][E2S19][E2S20]
      (3) 7656 [E2S0][E2S1][E2S2][E2S3][E2S4][E2S5][E2S6][E2S7][E2S8][E2S9][E2S10][E2S11][E2S12][E2S13][E11S14][E11S15][E11S17][E5S18][E2S19][E2S20]
      (3) 7662 [E2S0][E2S1][E2S2][E2S3][E2S4][E2S5][E2S6][E2S7][E2S8][E2S9][E2S10][E2S11][E2S12][E4S13][E11S14][E11S15][E2S16][E11S17][E5S18][E2S19][E2S20](bad/weak:515) [E2S0][E2S1][E2S2][E2S3][E2S4][E2S5][E2S6][E2S7][E2S8][E2S9][E2S10][E2S11][E2S12][E4S13][E11S14][E11S15][E2S16][E11S17][E5S18][E2S19][E2S20] (7662)
16.0: (3) 7695 (bad/weak:21)  (7695)
16.5: (3) 7631 [E2S0][E2S1][E2S2][E2S3][E2S4][E2S5][E2S6][E2S7][E2S8][E5S9][E11S10][E2S11][E2S12][E2S13][E2S14][E2S15][E2S16][E2S17][E2S18][E2S19][E2S20]
      (3) 7629 [E2S0][E2S1][E2S2][E2S3][E2S4][E2S5][E2S6][E2S7][E2S8][E5S9][E11S10][E2S11][E2S12][E2S13][E2S14][E2S15][E2S16][E2S17][E2S18][E2S19][E2S20](bad/weak:656) [E2S0][E2S1][E2S2][E2S3][E2S4][E2S5][E2S6][E2S7][E2S8][E5S9][E11S10][E2S11][E2S12][E2S13][E2S14][E2S15][E2S16][E2S17][E2S18][E2S19][E2S20] (7629)
17.0: (3) 7694 (bad/weak:21)  (7694)
17.5: (3) 8192 [8192>8077!] [E9S0][E4S1][E2S2][E2S3][E2S4][E2S5][E2S6][E2S7][E2S8][E2S9][E2S10][E2S11][E2S12][E2S13][E2S14][E2S15][E2S16][E2S17][E2S18][E2S19][E2S20]
      (3) 8192 [8192>8077!] [E9S0][E4S1][E2S2][E2S3][E2S4][E2S5][E2S6][E2S7][E2S8][E2S9][E2S10][E2S11][E2S12][E2S13][E2S14][E2S15][E2S16][E2S17][E2S18][E2S19][E2S20](bad/weak:751) [E9S0][E4S1][E2S2][E2S3][E2S4][E2S5][E2S6][E2S7][E2S8][E2S9][E2S10][E2S11][E2S12][E2S13][E2S14][E2S15][E2S16][E2S17][E2S18][E2S19][E2S20] (8192)
18.0: (2) 7151 (bad/weak:19)  (7151)
18.5: (2) 7110 [E2S0][E2S1][E2S2][E2S3][E2S4][E2S5][E2S6][E2S7][E2S8][E2S9][E2S10][E2S11][E2S12][E2S13][E2S14][E2S15][E2S16][E2S17][E2S18]
      (2) 7114 [E2S0][E2S1][E2S2][E2S3][E2S4][E2S5][E2S6][E2S7][E2S8][E2S9][E2S10][E2S11][E2S12][E2S13][E2S14][E2S15][E2S16][E2S17][E2S18](bad/weak:489) [E2S0][E2S1][E2S2][E2S3][E2S4][E2S5][E2S6][E2S7][E2S8][E2S9][E2S10][E2S11][E2S12][E2S13][E2S14][E2S15][E2S16][E2S17][E2S18] (7114)
19.0: (2) 7145 (bad/weak:19)  (7145)
19.5: (2) 7126 [E2S0][E2S1][E2S2][E2S3][E2S4][E2S5][E2S6][E2S7][E2S8][E2S9][E2S10][E2S11][E2S12][E2S13][E2S14][E2S15][E2S16][E2S17][E2S18]
      (2) 7131 [E2S0][E2S1][E2S2][E2S3][E2S4][E2S5][E2S6][E2S7][E2S8][E2S9][E2S10][E2S11][E2S12][E2S13][E2S14][E2S15][E2S16][E2S17][E2S18](bad/weak:443) [E2S0][E2S1][E2S2][E2S3][E2S4][E2S5][E2S6][E2S7][E2S8][E2S9][E2S10][E2S11][E2S12][E2S13][E2S14][E2S15][E2S16][E2S17][E2S18] (7131)
20.0: (2) 7145 (bad/weak:19)  (7145)
20.5: (2) 7126 [E2S0][E2S1][E2S2][E2S3][E2S4][E2S5][E2S6][E2S7][E2S8][E2S9][E2S10][E2S11][E11S12][E2S13][E2S14][E2S15][E2S16][E2S17][E2S18]
      (2) 7123 [E2S0][E2S1][E2S2][E2S3][E2S4][E2S5][E2S6][E2S7][E2S8][E2S9][E2S10][E2S11][E11S12][E2S13][E2S14][E2S15][E2S16][E2S17][E2S18](bad/weak:517) [E2S0][E2S1][E2S2][E2S3][E2S4][E2S5][E2S6][E2S7][E2S8][E2S9][E2S10][E2S11][E11S12][E2S13][E2S14][E2S15][E2S16][E2S17][E2S18] (7123)
21.0: (2) 7151 (bad/weak:19)  (7151)
21.5: (2) 7115 [E2S0][E2S1][E2S2][E2S3][E2S4][E2S5][E2S6][E2S7][E2S8][E2S9][E2S10][E2S11][E2S12][E2S13][E2S14][E2S15][E2S16][E2S17][E2S18]
      (2) 7114 [E2S0][E2S1][E2S2][E2S3][E2S4][E2S5][E2S6][E2S7][E2S8][E2S9][E2S10][E2S11][E2S12][E2S13][E2S14][E2S15][E2S16][E2S17][E2S18](bad/weak:454) [E2S0][E2S1][E2S2][E2S3][E2S4][E2S5][E2S6][E2S7][E2S8][E2S9][E2S10][E2S11][E2S12][E2S13][E2S14][E2S15][E2S16][E2S17][E2S18] (7114)
22.0: (2) 7144 (bad/weak:19)  (7144)
22.5: (2) 7123 [E2S0][E2S1][E2S2][E2S3][E2S4][E2S5][E2S6][E2S7][E11S8][E2S9][E2S10][E2S11][E2S12][E2S13][E2S14][E2S15][E2S16][E2S17][E2S18]
      (2) 7120 [E2S0][E2S1][E2S2][E2S3][E2S4][E2S5][E2S6][E2S7][E11S8][E2S9][E2S10][E2S11][E2S12][E2S13][E2S14][E2S15][E2S16][E2S17][E2S18](bad/weak:586) [E2S0][E2S1][E2S2][E2S3][E2S4][E2S5][E2S6][E2S7][E11S8][E2S9][E2S10][E2S11][E2S12][E2S13][E2S14][E2S15][E2S16][E2S17][E2S18] (7120)
23.0: (2) 7146 (bad/weak:19)  (7146)
23.5: (2) 8108 [8108>7518!] [E2S0][E2S1][E2S2][E2S3][E2S4][E2S5][E2S6][E2S7][E2S8][E2S9][E2S10][E2S11][E2S12][E2S13][E2S14][E2S15][E2S16][E2S17][E2S18]
      (2) 7112 [E2S0][E2S1][E2S2][E2S3][E2S4][E2S5][E2S6][E2S7][E2S8][E2S9][E2S10][E2S11][E2S12][E2S13][E2S14][E2S15][E2S16][E2S17][E2S18](bad/weak:429) [E2S0][E2S1][E2S2][E2S3][E2S4][E2S5][E2S6][E2S7][E2S8][E2S9][E2S10][E2S11][E2S12][E2S13][E2S14][E2S15][E2S16][E2S17][E2S18] (7112)
24.0: (2) 7150 (bad/weak:19)  (7150)
24.5: (2) 8192 [8192>7518!] [E2S0][E2S1][E2S2][E2S3][E2S4][E2S5][E2S6][E2S7][E2S8][E2S9][E2S10][E2S11][E2S12][E2S13][E2S14][E2S15][E2S16][E2S17][E2S18]
      (2) 6913 [E2S0][E2S1][E2S2][E2S3][E2S4][E2S5][E2S6][E2S7][E2S8][E2S9][E2S10][E2S11][E2S12][E2S13][E2S14][E2S15][E2S16][E2S17][E2S18](bad/weak:565) [E2S0][E2S1][E2S2][E2S3][E2S4][E2S5][E2S6][E2S7][E2S8][E2S9][E2S10][E2S11][E2S12][E2S13][E2S14][E2S15][E2S16][E2S17][E2S18] (6913)
25.0: (1) 6667 (bad/weak:18)  (6667)
25.5: (1) 6668 [E2S0][E2S1][E2S2][E2S3][E2S4][E2S5][E2S6][E2S7][E2S8][E2S9][E2S10][E2S11][E2S12][E2S13][E2S14][E2S15][E2S16][E2S17]
      (1) 6664 [E2S0][E2S1][E2S2][E11S3][E2S4][E2S5][E2S6][E2S7][E2S8][E2S9][E2S10][E2S11][E2S12][E2S13][E2S14][E2S15][E2S16][E2S17](bad/weak:361) [E2S0][E2S1][E2S2][E11S3][E2S4][E2S5][E2S6][E2S7][E2S8][E2S9][E2S10][E2S11][E2S12][E2S13][E2S14][E2S15][E2S16][E2S17] (6664)
26.0: (1) 6673 (bad/weak:19)  (6673)
26.5: (1) 6664 [E2S0][E2S1][E2S2][E2S3][E2S4][E2S5][E2S6][E2S7][E2S8][E2S9][E2S10][E2S11][E2S12][E2S13][E2S14][E2S15][E2S16][E2S17]
      (1) 6661 [E2S0][E2S1][E2S2][E2S3][E2S4][E2S5][E2S6][E2S7][E2S8][E2S9][E2S10][E2S11][E2S12][E2S13][E2S14][E2S15][E2S16][E2S17](bad/weak:309) [E2S0][E2S1][E2S2][E2S3][E2S4][E2S5][E2S6][E2S7][E2S8][E2S9][E2S10][E2S11][E2S12][E2S13][E2S14][E2S15][E2S16][E2S17] (6661)
27.0: (1) 6669 (bad/weak:18)  (6669)
27.5: (1) 6663 [E2S0][E11S1][E2S2][E2S3][E2S4][E2S5][E2S6][E2S7][E2S8][E2S9][E2S10][E2S11][E2S12][E2S13][E2S14][E2S15][E2S16][E2S17]
      (1) 6666 [E2S0][E11S1][E2S2][E2S3][E2S4][E2S5][E2S6][E2S7][E2S8][E2S9][E2S10][E2S11][E2S12][E2S13][E2S14][E2S15][E2S16][E2S17](bad/weak:343) [E2S0][E11S1][E2S2][E2S3][E2S4][E2S5][E2S6][E2S7][E2S8][E2S9][E2S10][E2S11][E2S12][E2S13][E2S14][E2S15][E2S16][E2S17] (6666)
28.0: (1) 6667 (bad/weak:18)  (6667)
28.5: (1) 6644 [E11S0][E2S1][E2S2][E2S3][E2S4][E2S5][E2S6][E2S7][E2S8][E2S9][E2S10][E2S11][E2S12][E2S13][E2S14][E2S15][E2S16][E2S17]
      (1) 6641 [E11S0][E2S1][E2S2][E2S3][E2S4][E2S5][E2S6][E2S7][E2S8][E2S9][E2S10][E2S11][E2S12][E2S13][E2S14][E2S15][E2S16][E2S17](bad/weak:312) [E11S0][E2S1][E2S2][E2S3][E2S4][E2S5][E2S6][E2S7][E2S8][E2S9][E2S10][E2S11][E2S12][E2S13][E2S14][E2S15][E2S16][E2S17] (6641)
29.0: (1) 6673 (bad/weak:18)  (6673)
29.5: (1) 7377 [7377>7034!] [E2S0][E2S1][E2S2][E2S3][E2S4][E2S5][E2S6][E2S7][E2S8][E2S9][E2S10][E2S11][E2S12][E2S13][E2S14][E2S15][E2S16][E2S17]
      (1) 6660 [E5S0][E2S1][E2S2][E2S3][E2S4][E2S5][E2S6][E2S7][E2S8][E2S9][E2S10][E2S11][E2S12][E2S13][E2S14][E2S15][E2S16][E2S17](bad/weak:347) [E5S0][E2S1][E2S2][E2S3][E2S4][E2S5][E2S6][E2S7][E2S8][E2S9][E2S10][E2S11][E2S12][E2S13][E2S14][E2S15][E2S16][E2S17] (6660)
30.0: (1) 6667 (bad/weak:18)  (6667)
30.5: (0) 6321 [E2S0][E2S1][E2S2][E2S3][E2S4][E2S5][E2S6][E2S7][E2S8][E2S9][E2S10][E2S11][E2S12][E2S13][E2S14][E2S15][E2S16][E2S17]
      (0) 6323 [E2S0][E2S1][E2S2][E2S3][E2S4][E2S5][E2S6][E2S7][E2S8][E2S9][E2S10][E2S11][E2S12][E2S13][E2S14][E2S15][E2S16][E2S17](bad/weak:243) [E2S0][E2S1][E2S2][E2S3][E2S4][E2S5][E2S6][E2S7][E2S8][E2S9][E2S10][E2S11][E2S12][E2S13][E2S14][E2S15][E2S16][E2S17] (6323)
31.0: (0) 6255 (bad/weak:18)  (6255)
31.5: (0) 6261 [E2S0][E11S1][E2S2][E2S3][E2S4][E2S5][E2S6][E2S7][E2S8][E2S9][E2S10][E2S11][E2S12][E2S13][E2S14][E2S15][E2S16]
      (0) 6259 [E2S0][E11S1][E2S2][E2S3][E2S4][E2S5][E2S6][E2S7][E2S8][E2S9][E2S10][E2S11][E2S12][E2S13][E2S14][E2S15][E2S16](bad/weak:248) [E2S0][E11S1][E2S2][E2S3][E2S4][E2S5][E2S6][E2S7][E2S8][E2S9][E2S10][E2S11][E2S12][E2S13][E2S14][E2S15][E2S16] (6259)
32.0: (0) 6252 (bad/weak:18)  (6252)
32.5: (0) 6252 [E2S0][E2S1][E2S2][E2S3][E2S4][E2S5][E2S6][E2S7][E2S8][E2S9][E2S10][E2S11][E2S12][E2S13][E2S14][E2S15][E2S16]
      (0) 6148 [E2S0][E2S1][E2S2][E2S3][E2S4][E2S5][E2S6][E2S7][E2S8][E2S9][E2S10][E2S11][E2S12][E2S13][E2S14][E2S15][E2S16](bad/weak:276) [E2S0][E2S1][E2S2][E2S3][E2S4][E2S5][E2S6][E2S7][E2S8][E2S9][E2S10][E2S11][E2S12][E2S13][E2S14][E2S15][E2S16] (6148)
33.0: (0) 6255 (bad/weak:18)  (6255)
33.5: (0) 6245 [E2S0][E2S1][E11S2][E2S3][E2S4][E2S5][E2S6][E2S7][E2S8][E2S9][E2S10][E2S11][E2S12][E2S13][E2S14][E2S15][E2S16]
      (0) 6244 [E2S0][E2S1][E11S2][E2S3][E2S4][E2S5][E2S6][E2S7][E2S8][E2S9][E2S10][E2S11][E2S12][E2S13][E2S14][E2S15][E2S16](bad/weak:326) [E2S0][E2S1][E11S2][E2S3][E2S4][E2S5][E2S6][E2S7][E2S8][E2S9][E2S10][E2S11][E2S12][E2S13][E2S14][E2S15][E2S16] (6244)
34.0: (0) 6252 (bad/weak:17)  (6252)
34.5: (0) 6147 [E2S0][E2S1][E2S2][E2S3][E2S4][E2S5][E2S6][E2S7][E2S8][E2S9][E2S10][E2S11][E2S12][E2S13][E2S14][E2S15][E2S16]
      (0) 6244 [E2S0][E2S1][E2S2][E2S3][E2S4][E2S5][E2S6][E2S7][E2S8][E2S9][E2S10][E2S11][E2S12][E2S13][E2S14][E2S15][E2S16](bad/weak:405) [E2S0][E2S1][E2S2][E2S3][E2S4][E2S5][E2S6][E2S7][E2S8][E2S9][E2S10][E2S11][E2S12][E2S13][E2S14][E2S15][E2S16] (6244)
35.0: (0) 6252 (bad/weak:17)  (6252)
35.5: (0) 6252 [E5S2][E2S3][E5S10][E5S11][E11S12]
      (0) 6252 [E5S2][E2S3][E5S11]
      (0) 6252 [E5S2][E2S3][E11S9][E5S10][E5S11]
      (0) 6252 [E5S2][E2S3][E11S9][E5S10][E5S11]
      (0) 6252 [E5S2][E2S3][E11S9][E5S11][E11S12]
      (0) 6252 [E5S2][E2S3][E11S9][E5S11]
      (0) 6252 [E5S2][E2S3][E11S9][E5S11]
      (0) 6252 [E5S2][E2S3][E11S9][E5S10][E5S11][E11S12]
      (0) 6252 [E5S2][E2S3][E11S9][E5S10][E11S12]
      (0) 6252 [E5S2][E2S3][E11S9][E2S10][E5S11][E11S12]
      (0) 6252 [E5S2][E2S3][E11S9][E2S10][E5S11]
      (0) 6251 [E5S2][E2S3][E11S9][E2S10][E11S12]
      (0) 6252 [E5S2][E2S3][E11S9][E5S10][E5S11]
      (0) 6250 [E5S2][E2S3][E11S9][E2S10][E5S11][E11S12]
      (0) 6252 [E5S2][E2S3][E11S9][E5S10]
      (0) 6251 [E5S2][E2S3][E11S9][E5S11][E11S12]
      (0) 6251 [E5S2][E2S3][E11S9][E5S10][E5S11]
      (0) 6252 [E5S2][E2S3][E11S9][E5S10][E5S11]
      (0) 6251 [E5S2][E2S3][E11S9][E2S10][E5S11]
      (0) 6251 [E5S2][E2S3][E11S9][E11S12]
      (0) 6250 [E5S2][E2S3][E11S9][E2S10]
      (0) 6252 [E5S2][E2S3][E11S9][E5S11][E11S12]
      (0) 6252 [E5S2][E2S3][E11S9][E2S10][E11S12]
      (0) 6251 [E5S2][E2S3][E11S9][E5S11]
      (0) 6252 [E5S2][E2S3][E11S9][E5S10][E5S11][E11S12]
      (0) 6251 [E5S2][E2S3][E11S9][E5S10]
      (0) 6252 [E5S2][E2S3][E11S9][E2S10][E5S11]
      (0) 6252 [E5S2][E2S3][E11S9][E5S10][E5S11][E11S12]
      (0) 6252 [E5S2][E2S3][E11S9][E11S12]
      (0) 6252 [E5S2][E2S3][E11S9][E5S10]
      (0) 6252 [E5S2][E2S3][E2S10][E5S11]
      (0) 6251 [E5S2][E2S3][E11S9][E2S10]
      (0) 6252 [E6S2][E2S3][E11S9][E11S10]
      (0) 6252 [E5S2][E2S3][E11S9][E5S10]
      (0) 6252 [E5S2][E2S3][E11S9]
      (0) 6252 [E5S2][E2S3][E11S9][E5S11][E11S12]
      (0) 6251 [E5S2][E2S3][E11S9][E11S12]
      (0) 6251 [E5S2][E2S3][E11S9][E5S10][E5S11]
      (0) 6252 [E5S2][E2S3][E11S9][E2S10][E5S11][E11S12]
      (0) 6252 [E5S2][E2S3][E11S9][E2S10]
      (0) 6252 [E5S2][E2S3][E11S9][E5S10][E11S12](bad/weak:16) [E5S2][E2S3][E11S9][E5S10][E11S12] (6252)
36.0: (1) 7244 [7244>7034!] [E2S0][E2S1][E2S2][E2S3][E2S4][E2S5][E2S6][E2S7][E2S8][E2S9][E2S10][E2S11][E2S12][E2S13][E2S14][E2S15][E2S16]
      (1) 6645 [E2S0][E2S1][E2S2][E2S3][E2S4][E2S5][E2S6][E2S7][E2S8][E2S9][E2S10][E2S11][E2S12][E2S13][E2S14][E2S15][E2S16](bad/weak:5751) [E2S0][E2S1][E2S2][E2S3][E2S4][E2S5][E2S6][E2S7][E2S8][E2S9][E2S10][E2S11][E2S12][E2S13][E2S14][E2S15][E2S16] (6645)
36.5: (1) 7690 [7690>7034!] [E2S0][E2S1][E2S2][E2S3][E2S4][E2S5][E2S6][E2S7][E2S8][E2S9][E2S10][E2S11][E2S12][E2S13][E2S14][E2S15][E2S16]
      (1) 7226 [7226>7034!] [E2S0][E2S1][E2S2][E2S3][E2S4][E2S5][E2S6][E2S7][E2S8][E2S9][E2S10][E2S11][E2S12][E2S13][E2S14][E2S15][E2S16](bad/weak:6337) [E2S0][E2S1][E2S2][E2S3][E2S4][E2S5][E2S6][E2S7][E2S8][E2S9][E2S10][E2S11][E2S12][E2S13][E2S14][E2S15][E2S16] (7226)
37.0: (1 NOSYNC!) 0 [Unformatted Track]  (0)
37.5: (1 NOSYNC!) 0 [Unformatted Track]  (0)
38.0: (1 NOSYNC!) 0 [Unformatted Track]  (0)
38.5: (1 NOSYNC!) 0 [Unformatted Track]  (0)
39.0: (1 NOSYNC!) 0 [Unformatted Track]  (0)
39.5: (1 NOSYNC!) 0 [Unformatted Track]  (0)
40.0: (1 NOSYNC!) 0 [Unformatted Track]  (0)
40.5: (1 NOSYNC!) 0 [Unformatted Track]  (0)
41.0: (1 NOSYNC!) 0 [Unformatted Track]  (0)
41.5: (1 NOSYNC!) 0 [Unformatted Track]  (0)